<?xml version="1.0" encoding="UTF-8"?>
<!-- Generated by org.testng.reporters.JUnitReportReporter -->
<testsuite hostname="LAPTOP-1E5OSFLE" name="ihg.PPProvider" tests="2" failures="0" timestamp="27 Jun 2020 15:04:31 GMT" time="0.009" errors="0">
  <testcase name="hanuman" time="0.009" classname="ihg.PPProvider"/>
  <testcase name="hanuman" time="0.000" classname="ihg.PPProvider"/>
</testsuite> <!-- ihg.PPProvider -->
