<?xml version="1.0" encoding="UTF-8"?>
<!-- Generated by org.testng.reporters.JUnitReportReporter -->
<testsuite hostname="LAPTOP-1E5OSFLE" name="ihg.TestNGParameter" tests="1" failures="0" timestamp="4 Aug 2020 15:17:47 GMT" time="11.177" errors="0">
  <testcase name="ajay" time="11.177" classname="ihg.TestNGParameter"/>
</testsuite> <!-- ihg.TestNGParameter -->
