<?xml version="1.0" encoding="UTF-8"?>
<!-- Generated by org.testng.reporters.JUnitReportReporter -->
<testsuite hostname="LAPTOP-1E5OSFLE" name="ihg.DProvider" tests="2" failures="0" timestamp="27 Jun 2020 15:13:29 GMT" time="0.007" errors="0">
  <testcase name="sum" time="0.007" classname="ihg.DProvider"/>
  <testcase name="sum" time="0.000" classname="ihg.DProvider"/>
</testsuite> <!-- ihg.DProvider -->
