<?xml version="1.0" encoding="UTF-8"?>
<!-- Generated by org.testng.reporters.JUnitReportReporter -->
<testsuite hostname="LAPTOP-1E5OSFLE" name="testng.LionTest" tests="2" failures="0" timestamp="4 Nov 2020 02:23:25 GMT" time="0.014" errors="0">
  <testcase name="veg" time="0.013" classname="testng.LionTest"/>
  <testcase name="nonveg" time="0.001" classname="testng.LionTest"/>
</testsuite> <!-- testng.LionTest -->
