<?xml version="1.0" encoding="UTF-8"?>
<!-- Generated by org.testng.reporters.JUnitReportReporter -->
<testsuite hostname="LAPTOP-1E5OSFLE" name="ihg.TC01Test" tests="1" failures="0" timestamp="27 Nov 2020 02:35:35 GMT" time="7.679" errors="0">
  <testcase name="ihg" time="7.679" classname="ihg.TC01Test"/>
</testsuite> <!-- ihg.TC01Test -->
