<?xml version="1.0" encoding="UTF-8"?>
<!-- Generated by org.testng.reporters.JUnitReportReporter -->
<testsuite hostname="LAPTOP-1E5OSFLE" name="shafee.AppleTest" tests="1" failures="0" timestamp="21 Jun 2020 06:32:29 GMT" time="0.015" errors="0">
  <testcase name="oneTest" time="0.015" classname="shafee.AppleTest"/>
</testsuite> <!-- shafee.AppleTest -->
