<?xml version="1.0" encoding="UTF-8"?>
<!-- Generated by org.testng.reporters.JUnitReportReporter -->
<testsuite hostname="LAPTOP-1E5OSFLE" name="ihg.PriAttributesTest" tests="4" failures="0" timestamp="27 Nov 2020 02:27:54 GMT" time="0.078" errors="0">
  <testcase name="banana" time="0.004" classname="ihg.PriAttributesTest"/>
  <testcase name="apple" time="0.024" classname="ihg.PriAttributesTest"/>
  <testcase name="dragonfruit" time="0.047" classname="ihg.PriAttributesTest"/>
  <testcase name="grapes" time="0.003" classname="ihg.PriAttributesTest"/>
</testsuite> <!-- ihg.PriAttributesTest -->
