<?xml version="1.0" encoding="UTF-8"?>
<!-- Generated by org.testng.reporters.JUnitReportReporter -->
<testsuite hostname="LAPTOP-1E5OSFLE" name="ihg.IHGJoinPage" tests="1" failures="0" timestamp="27 Jun 2020 02:33:55 GMT" time="6.295" errors="0">
  <testcase name="rama" time="6.295" classname="ihg.IHGJoinPage"/>
</testsuite> <!-- ihg.IHGJoinPage -->
