<?xml version="1.0" encoding="UTF-8"?>
<!-- Generated by org.testng.reporters.JUnitReportReporter -->
<testsuite hostname="LAPTOP-1E5OSFLE" name="ihg.AjayDataProvider" tests="1" failures="0" timestamp="10 Aug 2020 16:28:14 GMT" time="0.006" errors="0">
  <testcase name="ram" time="0.006" classname="ihg.AjayDataProvider"/>
</testsuite> <!-- ihg.AjayDataProvider -->
