<?xml version="1.0" encoding="UTF-8"?>
<!-- Generated by org.testng.reporters.JUnitReportReporter -->
<testsuite hostname="LAPTOP-1E5OSFLE" name="testcases.AnnotationsTestNG" tests="1" failures="0" timestamp="25 Jul 2020 15:14:22 GMT" time="0.011" errors="0">
  <testcase name="five" time="0.011" classname="testcases.AnnotationsTestNG"/>
</testsuite> <!-- testcases.AnnotationsTestNG -->
