<?xml version="1.0" encoding="UTF-8"?>
<!-- Generated by org.testng.reporters.JUnitReportReporter -->
<testsuite hostname="LAPTOP-1E5OSFLE" name="testng.AppleTest" tests="3" failures="0" timestamp="27 Oct 2020 02:37:48 GMT" time="0.020" errors="0">
  <testcase name="hanuma" time="0.010" classname="testng.AppleTest"/>
  <testcase name="krishna" time="0.005" classname="testng.AppleTest"/>
  <testcase name="rama" time="0.005" classname="testng.AppleTest"/>
</testsuite> <!-- testng.AppleTest -->
