<?xml version="1.0" encoding="UTF-8"?>
<!-- Generated by org.testng.reporters.JUnitReportReporter -->
<testsuite hostname="LAPTOP-1E5OSFLE" name="tng.FirstTest" tests="1" failures="0" timestamp="18 Jun 2020 02:07:51 GMT" time="0.007" errors="0">
  <testcase name="test" time="0.007" classname="tng.FirstTest"/>
</testsuite> <!-- tng.FirstTest -->
