<?xml version="1.0" encoding="UTF-8"?>
<!-- Generated by org.testng.reporters.JUnitReportReporter -->
<testsuite hostname="LAPTOP-1E5OSFLE" name="Attributes.InvoTest" tests="3" failures="0" timestamp="8 Aug 2020 15:33:35 GMT" time="0.016" errors="0">
  <testcase name="rama" time="0.000" classname="Attributes.InvoTest"/>
  <testcase name="sai" time="0.012" classname="Attributes.InvoTest"/>
  <testcase name="bala" time="0.004" classname="Attributes.InvoTest"/>
</testsuite> <!-- Attributes.InvoTest -->
