<?xml version="1.0" encoding="UTF-8"?>
<!-- Generated by org.testng.reporters.JUnitReportReporter -->
<testsuite hostname="LAPTOP-1E5OSFLE" name="testng.ZooTest" tests="3" failures="0" timestamp="2 Nov 2020 02:34:24 GMT" time="0.018" errors="0">
  <testcase name="one" time="0.010" classname="testng.ZooTest"/>
  <testcase name="three" time="0.008" classname="testng.ZooTest"/>
  <testcase name="two" time="0.000" classname="testng.ZooTest"/>
</testsuite> <!-- testng.ZooTest -->
