<?xml version="1.0" encoding="UTF-8"?>
<!-- Generated by org.testng.reporters.JUnitReportReporter -->
<testsuite hostname="LAPTOP-1E5OSFLE" name="ihg.Locators" tests="2" failures="0" timestamp="27 Jun 2020 02:33:55 GMT" time="18.879" errors="0">
  <testcase name="rama" time="5.997" classname="ihg.Locators"/>
  <testcase name="hari" time="12.882" classname="ihg.Locators"/>
</testsuite> <!-- ihg.Locators -->
