<?xml version="1.0" encoding="UTF-8"?>
<!-- Generated by org.testng.reporters.JUnitReportReporter -->
<testsuite hostname="LAPTOP-1E5OSFLE" name="shafee.BananaTest" tests="1" failures="0" timestamp="21 Jun 2020 07:02:59 GMT" time="0.005" errors="0">
  <testcase name="testMethod" time="0.005" classname="shafee.BananaTest"/>
</testsuite> <!-- shafee.BananaTest -->
