<?xml version="1.0" encoding="UTF-8"?>
<!-- Generated by org.testng.reporters.JUnitReportReporter -->
<testsuite hostname="LAPTOP-1E5OSFLE" name="testcases.SimpleAnno" tests="2" failures="0" timestamp="25 Jul 2020 15:19:45 GMT" time="0.010" errors="0">
  <testcase name="apple" time="0.009" classname="testcases.SimpleAnno"/>
  <testcase name="graphs" time="0.001" classname="testcases.SimpleAnno"/>
</testsuite> <!-- testcases.SimpleAnno -->
