<?xml version="1.0" encoding="UTF-8"?>
<!-- Generated by org.testng.reporters.JUnitReportReporter -->
<testsuite hostname="LAPTOP-1E5OSFLE" name="testng.AnnoTest" tests="1" failures="0" timestamp="2 Nov 2020 02:17:04 GMT" time="0.000" errors="0">
  <testcase name="test" time="0.000" classname="testng.AnnoTest"/>
</testsuite> <!-- testng.AnnoTest -->
