<?xml version="1.0" encoding="UTF-8"?>
<!-- Generated by org.testng.reporters.JUnitReportReporter -->
<testsuite hostname="LAPTOP-1E5OSFLE" name="ihg.PriAttributes" tests="4" failures="0" timestamp="27 Jun 2020 02:33:55 GMT" time="0.004" errors="0">
  <testcase name="banana" time="0.000" classname="ihg.PriAttributes"/>
  <testcase name="grapes" time="0.001" classname="ihg.PriAttributes"/>
  <testcase name="dragonfruit" time="0.002" classname="ihg.PriAttributes"/>
  <testcase name="apple" time="0.001" classname="ihg.PriAttributes"/>
</testsuite> <!-- ihg.PriAttributes -->
