<?xml version="1.0" encoding="UTF-8"?>
<!-- Generated by org.testng.reporters.JUnitReportReporter -->
<testsuite hostname="LAPTOP-1E5OSFLE" name="testng.DataConcepet" tests="2" failures="0" timestamp="13 Nov 2020 02:52:53 GMT" time="66.786" errors="0">
  <testcase name="data" time="24.978" classname="testng.DataConcepet"/>
  <testcase name="data" time="41.808" classname="testng.DataConcepet"/>
</testsuite> <!-- testng.DataConcepet -->
