<?xml version="1.0" encoding="UTF-8"?>
<!-- Generated by org.testng.reporters.JUnitReportReporter -->
<testsuite hostname="LAPTOP-1E5OSFLE" name="htmlReports.FirstAuomationTest" tests="1" failures="0" timestamp="28 Nov 2020 11:23:49 GMT" time="19.386" errors="0">
  <testcase name="rama" time="19.386" classname="htmlReports.FirstAuomationTest"/>
</testsuite> <!-- htmlReports.FirstAuomationTest -->
