<?xml version="1.0" encoding="UTF-8"?>
<!-- Generated by org.testng.reporters.JUnitReportReporter -->
<testsuite hostname="LAPTOP-1E5OSFLE" name="Attributes.DragTest" tests="1" failures="0" timestamp="11 Aug 2020 03:22:34 GMT" time="9.383" errors="0">
  <testcase name="apple" time="9.383" classname="Attributes.DragTest"/>
</testsuite> <!-- Attributes.DragTest -->
