<?xml version="1.0" encoding="UTF-8"?>
<!-- Generated by org.testng.reporters.JUnitReportReporter -->
<testsuite hostname="LAPTOP-1E5OSFLE" name="ihg.AttriTest" tests="3" failures="0" timestamp="27 Nov 2020 02:27:54 GMT" time="0.040" errors="0">
  <testcase name="one" time="0.037" classname="ihg.AttriTest"/>
  <testcase name="two" time="0.002" classname="ihg.AttriTest"/>
  <testcase name="three" time="0.001" classname="ihg.AttriTest"/>
</testsuite> <!-- ihg.AttriTest -->
