<?xml version="1.0" encoding="UTF-8"?>
<!-- Generated by org.testng.reporters.JUnitReportReporter -->
<testsuite hostname="LAPTOP-1E5OSFLE" name="ihg.TC02Test" tests="1" failures="0" timestamp="27 Nov 2020 02:35:35 GMT" time="8.296" errors="0">
  <testcase name="login" time="8.296" classname="ihg.TC02Test"/>
</testsuite> <!-- ihg.TC02Test -->
