<?xml version="1.0" encoding="UTF-8"?>
<!-- Generated by org.testng.reporters.JUnitReportReporter -->
<testsuite skipped="0" hostname="DESKTOP-5AG83FG" name="ihg.AttriTest" tests="3" failures="0" timestamp="07 Dec 2020 02:15:15 GMT" time="0.015" errors="0">
  <testcase name="two" time="0.000" classname="ihg.AttriTest"/>
  <testcase name="three" time="0.000" classname="ihg.AttriTest"/>
  <testcase name="one" time="0.015" classname="ihg.AttriTest"/>
</testsuite> <!-- ihg.AttriTest -->
