<?xml version="1.0" encoding="UTF-8"?>
<!-- Generated by org.testng.reporters.JUnitReportReporter -->
<testsuite skipped="0" hostname="DESKTOP-5AG83FG" name="ihg.TC01Test" tests="1" failures="0" timestamp="07 Dec 2020 02:15:15 GMT" time="6.031" errors="0">
  <testcase name="ihg" time="6.031" classname="ihg.TC01Test"/>
</testsuite> <!-- ihg.TC01Test -->
