<?xml version="1.0" encoding="UTF-8"?>
<!-- Generated by org.testng.reporters.JUnitReportReporter -->
<testsuite skipped="0" hostname="DESKTOP-5AG83FG" name="ihg.PriAttributesTest" tests="4" failures="0" timestamp="07 Dec 2020 02:15:15 GMT" time="0.012" errors="0">
  <testcase name="apple" time="0.011" classname="ihg.PriAttributesTest"/>
  <testcase name="dragonfruit" time="0.000" classname="ihg.PriAttributesTest"/>
  <testcase name="grapes" time="0.000" classname="ihg.PriAttributesTest"/>
  <testcase name="banana" time="0.001" classname="ihg.PriAttributesTest"/>
</testsuite> <!-- ihg.PriAttributesTest -->
